<?xml version="1.0" encoding="UTF-8"?>
<!-- Generated by org.testng.reporters.JUnitReportReporter -->
<testsuite hostname="Pheliks-PC" name="org.mytests.tests.example.SimpleTest" tests="1" failures="0" timestamp="14 Dec 2018 13:30:19 GMT" time="6.244" errors="0">
  <testcase name="loginTest" time="6.244" classname="org.mytests.tests.example.SimpleTest"/>
</testsuite> <!-- org.mytests.tests.example.SimpleTest -->
